<?xml version="1.0" encoding="UTF-8"?>
<!-- Generated by org.testng.reporters.JUnitReportReporter -->
<testsuite skipped="0" hostname="DESKTOP-IF3TFRK" name="com.training.regression.tests.LoginDBTest" tests="1" failures="0" timestamp="06 Mar 2019 05:03:42 GMT" time="46.968" errors="0">
  <testcase name="loginDBTest" time="46.968" classname="com.training.regression.tests.LoginDBTest"/>
</testsuite> <!-- com.training.regression.tests.LoginDBTest -->
