<?xml version="1.0" encoding="UTF-8"?>
<!-- Generated by org.testng.reporters.JUnitReportReporter -->
<testsuite skipped="0" hostname="DESKTOP-IF3TFRK" name="com.training.sanity.tests.HTestsRETC_84" tests="6" failures="0" timestamp="08 Mar 2019 06:07:00 GMT" time="97.423" errors="0">
  <testcase name="loginDBTest" time="7.053" classname="com.training.sanity.tests.HTestsRETC_84"/>
  <testcase name="validUserCreation" time="11.808" classname="com.training.sanity.tests.HTestsRETC_84"/>
  <testcase name="validUserCreation" time="32.043" classname="com.training.sanity.tests.HTestsRETC_84"/>
  <testcase name="validUserCreation" time="11.902" classname="com.training.sanity.tests.HTestsRETC_84"/>
  <testcase name="validUserCreation" time="23.036" classname="com.training.sanity.tests.HTestsRETC_84"/>
  <testcase name="validUserCreation" time="11.581" classname="com.training.sanity.tests.HTestsRETC_84"/>
</testsuite> <!-- com.training.sanity.tests.HTestsRETC_84 -->
