<?xml version="1.0" encoding="UTF-8"?>
<!-- Generated by org.testng.reporters.JUnitReportReporter -->
<testsuite skipped="0" hostname="DESKTOP-IF3TFRK" name="com.training.sanity.tests.TestsRETC_53_1" tests="1" failures="0" timestamp="23 Feb 2019 10:26:28 GMT" time="69.007" errors="0">
  <testcase name="validLoginTest" time="69.007" classname="com.training.sanity.tests.TestsRETC_53_1"/>
</testsuite> <!-- com.training.sanity.tests.TestsRETC_53_1 -->
