<?xml version="1.0" encoding="UTF-8"?>
<!-- Generated by org.testng.reporters.JUnitReportReporter -->
<testsuite skipped="0" hostname="DESKTOP-IF3TFRK" name="com.training.sanity.tests.TestsRETC_23" tests="1" failures="0" timestamp="14 Feb 2019 18:05:39 GMT" time="114.706" errors="0">
  <testcase name="validLoginTest" time="114.706" classname="com.training.sanity.tests.TestsRETC_23"/>
</testsuite> <!-- com.training.sanity.tests.TestsRETC_23 -->
