<?xml version="1.0" encoding="UTF-8"?>
<!-- Generated by org.testng.reporters.JUnitReportReporter -->
<testsuite skipped="0" hostname="DESKTOP-IF3TFRK" name="com.training.sanity.tests.TestsRETC_51" tests="1" failures="0" timestamp="21 Feb 2019 07:33:56 GMT" time="39.423" errors="0">
  <testcase name="validLoginTest" time="39.423" classname="com.training.sanity.tests.TestsRETC_51"/>
</testsuite> <!-- com.training.sanity.tests.TestsRETC_51 -->
