<?xml version="1.0" encoding="UTF-8"?>
<!-- Generated by org.testng.reporters.JUnitReportReporter -->
<testsuite skipped="0" hostname="DESKTOP-IF3TFRK" name="com.training.sanity.tests.TestngAnnotation" tests="2" failures="0" timestamp="26 Feb 2019 07:00:06 GMT" time="0.013" errors="0">
  <testcase name="testCase2" time="0.009" classname="com.training.sanity.tests.TestngAnnotation"/>
  <testcase name="testCase1" time="0.004" classname="com.training.sanity.tests.TestngAnnotation"/>
</testsuite> <!-- com.training.sanity.tests.TestngAnnotation -->
