<?xml version="1.0" encoding="UTF-8"?>
<!-- Generated by org.testng.reporters.JUnitReportReporter -->
<testsuite skipped="0" hostname="DESKTOP-IF3TFRK" name="com.training.sanity.tests.TestsRETC_22" tests="1" failures="0" timestamp="14 Feb 2019 10:11:01 GMT" time="78.829" errors="0">
  <testcase name="validLoginTest" time="78.829" classname="com.training.sanity.tests.TestsRETC_22"/>
</testsuite> <!-- com.training.sanity.tests.TestsRETC_22 -->
