<?xml version="1.0" encoding="UTF-8"?>
<!-- Generated by org.testng.reporters.JUnitReportReporter -->
<testsuite skipped="1" hostname="DESKTOP-IF3TFRK" name="com.training.sanity.tests.HTestsRETC_81" tests="3" failures="0" timestamp="08 Mar 2019 07:57:16 GMT" time="11.510" errors="0">
  <testcase name="loginDBTest" time="8.823" classname="com.training.sanity.tests.HTestsRETC_81"/>
  <testcase name="validFeatureCreation" time="2.687" classname="com.training.sanity.tests.HTestsRETC_81"/>
  <testcase name="regionSearch" classname="com.training.sanity.tests.HTestsRETC_81">
    <skipped/>
  </testcase> <!-- regionSearch -->
</testsuite> <!-- com.training.sanity.tests.HTestsRETC_81 -->
