<?xml version="1.0" encoding="UTF-8"?>
<!-- Generated by org.testng.reporters.JUnitReportReporter -->
<testsuite skipped="0" hostname="DESKTOP-IF3TFRK" name="com.training.sanity.tests.TestsRETC_55_2" tests="1" failures="0" timestamp="26 Feb 2019 08:45:03 GMT" time="56.208" errors="0">
  <testcase name="validLoginTest" time="56.208" classname="com.training.sanity.tests.TestsRETC_55_2"/>
</testsuite> <!-- com.training.sanity.tests.TestsRETC_55_2 -->
