<?xml version="1.0" encoding="UTF-8"?>
<!-- Generated by org.testng.reporters.JUnitReportReporter -->
<testsuite skipped="0" hostname="DESKTOP-IF3TFRK" name="com.training.sanity.tests.TestsRETC_52_1" tests="1" failures="0" timestamp="23 Feb 2019 07:50:27 GMT" time="71.866" errors="0">
  <testcase name="validLoginTest" time="71.866" classname="com.training.sanity.tests.TestsRETC_52_1"/>
</testsuite> <!-- com.training.sanity.tests.TestsRETC_52_1 -->
