<?xml version="1.0" encoding="UTF-8"?>
<!-- Generated by org.testng.reporters.JUnitReportReporter -->
<testsuite skipped="0" hostname="DESKTOP-IF3TFRK" name="com.training.sanity.tests.TestsRETC_52" tests="1" failures="0" timestamp="19 Feb 2019 09:26:01 GMT" time="32.530" errors="0">
  <testcase name="validLoginTest" time="32.530" classname="com.training.sanity.tests.TestsRETC_52"/>
</testsuite> <!-- com.training.sanity.tests.TestsRETC_52 -->
