<?xml version="1.0" encoding="UTF-8"?>
<!-- Generated by org.testng.reporters.JUnitReportReporter -->
<testsuite skipped="0" hostname="DESKTOP-IF3TFRK" name="com.training.sanity.tests.TestsRETC_24" tests="1" failures="0" timestamp="08 Mar 2019 05:30:57 GMT" time="70.516" errors="0">
  <testcase name="validLoginTest" time="70.516" classname="com.training.sanity.tests.TestsRETC_24"/>
</testsuite> <!-- com.training.sanity.tests.TestsRETC_24 -->
