<?xml version="1.0" encoding="UTF-8"?>
<!-- Generated by org.testng.reporters.JUnitReportReporter -->
<testsuite skipped="0" hostname="DESKTOP-IF3TFRK" name="com.training.sanity.tests.TestsRETC_55_1" tests="1" failures="0" timestamp="22 Feb 2019 08:20:07 GMT" time="69.071" errors="0">
  <testcase name="validLoginTest" time="69.071" classname="com.training.sanity.tests.TestsRETC_55_1"/>
</testsuite> <!-- com.training.sanity.tests.TestsRETC_55_1 -->
