<?xml version="1.0" encoding="UTF-8"?>
<!-- Generated by org.testng.reporters.JUnitReportReporter -->
<testsuite skipped="0" hostname="DESKTOP-IF3TFRK" name="com.training.regression.tests.LoginExcelTest" tests="1" failures="0" timestamp="01 Mar 2019 07:47:17 GMT" time="57.647" errors="0">
  <testcase name="loginDBTest" time="57.647" classname="com.training.regression.tests.LoginExcelTest"/>
</testsuite> <!-- com.training.regression.tests.LoginExcelTest -->
