<?xml version="1.0" encoding="UTF-8"?>
<!-- Generated by org.testng.reporters.JUnitReportReporter -->
<testsuite skipped="0" hostname="DESKTOP-IF3TFRK" name="com.training.sanity.tests.TestsRETC_24" tests="1" failures="0" timestamp="15 Feb 2019 11:05:15 GMT" time="72.101" errors="0">
  <testcase name="validLoginTest" time="72.101" classname="com.training.sanity.tests.TestsRETC_24"/>
</testsuite> <!-- com.training.sanity.tests.TestsRETC_24 -->
