<?xml version="1.0" encoding="UTF-8"?>
<!-- Generated by org.testng.reporters.JUnitReportReporter -->
<testsuite skipped="0" hostname="DESKTOP-IF3TFRK" name="com.training.sanity.tests.TestsRETC_25" tests="1" failures="0" timestamp="28 Feb 2019 12:06:23 GMT" time="62.770" errors="0">
  <testcase name="validLoginTest" time="62.770" classname="com.training.sanity.tests.TestsRETC_25"/>
</testsuite> <!-- com.training.sanity.tests.TestsRETC_25 -->
