<?xml version="1.0" encoding="UTF-8"?>
<!-- Generated by org.testng.reporters.JUnitReportReporter -->
<testsuite skipped="0" hostname="DESKTOP-IF3TFRK" name="com.training.sanity.tests.TestsRETC_021" tests="1" failures="0" timestamp="14 Feb 2019 17:04:31 GMT" time="96.755" errors="0">
  <testcase name="validLoginTest" time="96.755" classname="com.training.sanity.tests.TestsRETC_021"/>
</testsuite> <!-- com.training.sanity.tests.TestsRETC_021 -->
