<?xml version="1.0" encoding="UTF-8"?>
<!-- Generated by org.testng.reporters.JUnitReportReporter -->
<testsuite skipped="0" hostname="DESKTOP-IF3TFRK" name="com.training.sanity.tests.TestsRETC_54_1" tests="1" failures="0" timestamp="23 Feb 2019 12:22:00 GMT" time="79.077" errors="0">
  <testcase name="bloginput" time="79.077" classname="com.training.sanity.tests.TestsRETC_54_1"/>
</testsuite> <!-- com.training.sanity.tests.TestsRETC_54_1 -->
